[13:46:23] [Client thread/INFO]: Setting user: Player615
[13:46:29] [Client thread/WARN]: Skipping bad option: lastServer:
[13:46:29] [Client thread/INFO]: LWJGL Version: 2.9.4
[13:46:30] [Client thread/INFO]: [STDOUT]: ---- Minecraft Crash Report ----
// Shall we play a game?

Time: 16.02.17 13:46
Description: Loading screen debug info

This is just a prompt for computer specs to be printed. THIS IS NOT A ERROR


A detailed walkthrough of the error, its code path and all known details is as follows:
---------------------------------------------------------------------------------------

-- System Details --
Details:
	Minecraft Version: 1.11
	Operating System: Windows 10 (amd64) version 10.0
	Java Version: 1.8.0_121, Oracle Corporation
	Java VM Version: Java HotSpot(TM) 64-Bit Server VM (mixed mode), Oracle Corporation
	Memory: 751651688 bytes (716 MB) / 1037959168 bytes (989 MB) up to 1037959168 bytes (989 MB)
	JVM Flags: 3 total; -Xincgc -Xmx1024M -Xms1024M
	IntCache: cache: 0, tcache: 0, allocated: 0, tallocated: 0
	FML: 
	Loaded coremods (and transformers): 
	GL info: ' Vendor: 'Intel' Version: '4.0.0 - Build 10.18.10.4358' Renderer: 'Intel(R) HD Graphics 4000'
[13:46:33] [Client thread/INFO]: Reloading ResourceManager: Default, FMLFileResourcePack:Forge Mod Loader, FMLFileResourcePack:Minecraft Forge, FMLFileResourcePack:mirabelle
[13:46:37] [Sound Library Loader/INFO]: Starting up SoundSystem...
[13:46:37] [Thread-8/INFO]: Initializing LWJGL OpenAL
[13:46:37] [Thread-8/INFO]: (The LWJGL binding of OpenAL.  For more information, see http://www.lwjgl.org)
[13:46:37] [Thread-8/INFO]: OpenAL initialized.
[13:46:38] [Sound Library Loader/INFO]: Sound engine started
[13:46:43] [Client thread/INFO]: Created: 16x16 textures-atlas
[13:46:45] [Client thread/INFO]: Reloading ResourceManager: Default, FMLFileResourcePack:Forge Mod Loader, FMLFileResourcePack:Minecraft Forge, FMLFileResourcePack:mirabelle
[13:46:48] [Client thread/INFO]: SoundSystem shutting down...
[13:46:49] [Client thread/WARN]: Author: Paul Lamb, www.paulscode.com
[13:46:49] [Sound Library Loader/INFO]: Starting up SoundSystem...
[13:46:49] [Thread-10/INFO]: Initializing LWJGL OpenAL
[13:46:49] [Thread-10/INFO]: (The LWJGL binding of OpenAL.  For more information, see http://www.lwjgl.org)
[13:46:49] [Thread-10/INFO]: OpenAL initialized.
[13:46:49] [Sound Library Loader/INFO]: Sound engine started
[13:46:53] [Client thread/INFO]: Created: 512x512 textures-atlas
[13:46:55] [Client thread/WARN]: Skipping bad option: lastServer:
[13:46:57] [Realms Notification Availability checker #1/INFO]: Could not authorize you against Realms server: Invalid session id
[13:47:00] [Server thread/INFO]: Starting integrated minecraft server version 1.11
[13:47:00] [Server thread/INFO]: Generating keypair
[13:47:00] [Server thread/INFO]: Preparing start region for level 0
[13:47:01] [Server thread/INFO]: Preparing spawn area: 32%
[13:47:02] [Server thread/INFO]: Changing view distance to 12, from 10
[13:47:04] [Server thread/INFO]: Player615[local:E:35e9005b] logged in with entity id 365 at (-80.13105725566074, 98.0, 117.06601147359558)
[13:47:04] [Server thread/INFO]: Player615 joined the game
[13:47:05] [Server thread/INFO]: Saving and pausing game...
[13:47:05] [Server thread/INFO]: Saving chunks for level 'New World6'/Overworld
[13:47:06] [Server thread/INFO]: Saving chunks for level 'New World6'/Nether
[13:47:06] [Server thread/INFO]: Saving chunks for level 'New World6'/The End
[13:47:06] [pool-2-thread-1/WARN]: Couldn't look up profile properties for com.mojang.authlib.GameProfile@2789a98a[id=b8c5ee80-8fcd-32b0-a4c2-2c2e7de58468,name=Player615,properties={},legacy=false]
com.mojang.authlib.exceptions.AuthenticationException: The client has sent too many requests within a certain amount of time
	at com.mojang.authlib.yggdrasil.YggdrasilAuthenticationService.makeRequest(YggdrasilAuthenticationService.java:79) ~[YggdrasilAuthenticationService.class:?]
	at com.mojang.authlib.yggdrasil.YggdrasilMinecraftSessionService.fillGameProfile(YggdrasilMinecraftSessionService.java:180) [YggdrasilMinecraftSessionService.class:?]
	at com.mojang.authlib.yggdrasil.YggdrasilMinecraftSessionService$1.load(YggdrasilMinecraftSessionService.java:60) [YggdrasilMinecraftSessionService$1.class:?]
	at com.mojang.authlib.yggdrasil.YggdrasilMinecraftSessionService$1.load(YggdrasilMinecraftSessionService.java:57) [YggdrasilMinecraftSessionService$1.class:?]
	at com.google.common.cache.LocalCache$LoadingValueReference.loadFuture(LocalCache.java:3524) [guava-17.0.jar:?]
	at com.google.common.cache.LocalCache$Segment.loadSync(LocalCache.java:2317) [guava-17.0.jar:?]
	at com.google.common.cache.LocalCache$Segment.lockedGetOrLoad(LocalCache.java:2280) [guava-17.0.jar:?]
	at com.google.common.cache.LocalCache$Segment.get(LocalCache.java:2195) [guava-17.0.jar:?]
	at com.google.common.cache.LocalCache.get(LocalCache.java:3934) [guava-17.0.jar:?]
	at com.google.common.cache.LocalCache.getOrLoad(LocalCache.java:3938) [guava-17.0.jar:?]
	at com.google.common.cache.LocalCache$LocalLoadingCache.get(LocalCache.java:4821) [guava-17.0.jar:?]
	at com.google.common.cache.LocalCache$LocalLoadingCache.getUnchecked(LocalCache.java:4827) [guava-17.0.jar:?]
	at com.mojang.authlib.yggdrasil.YggdrasilMinecraftSessionService.fillProfileProperties(YggdrasilMinecraftSessionService.java:170) [YggdrasilMinecraftSessionService.class:?]
	at net.minecraft.client.Minecraft.getProfileProperties(Minecraft.java:3054) [Minecraft.class:?]
	at net.minecraft.client.resources.SkinManager$3.run(SkinManager.java:138) [SkinManager$3.class:?]
	at java.util.concurrent.Executors$RunnableAdapter.call(Unknown Source) [?:1.8.0_121]
	at java.util.concurrent.FutureTask.run(Unknown Source) [?:1.8.0_121]
	at java.util.concurrent.ThreadPoolExecutor.runWorker(Unknown Source) [?:1.8.0_121]
	at java.util.concurrent.ThreadPoolExecutor$Worker.run(Unknown Source) [?:1.8.0_121]
	at java.lang.Thread.run(Unknown Source) [?:1.8.0_121]
[13:47:17] [Server thread/INFO]: Saving and pausing game...
[13:47:17] [Server thread/INFO]: Saving chunks for level 'New World6'/Overworld
[13:47:17] [Server thread/INFO]: Saving chunks for level 'New World6'/Nether
[13:47:17] [Server thread/INFO]: Saving chunks for level 'New World6'/The End
[13:47:20] [Client thread/INFO]: Using default channel type
[13:47:20] [Client thread/INFO]: Started on 51916
[13:47:20] [Client thread/INFO]: [CHAT] Local game hosted on port 51916
[13:47:55] [Server thread/INFO]: Player615 has just earned the achievement [Taking Inventory]
[13:47:55] [Client thread/INFO]: [CHAT] Player615 has just earned the achievement [Taking Inventory]
[16:50:45] [Server thread/WARN]: Can't keep up! Did the system time change, or is the server overloaded? Running 10796191ms behind, skipping 215923 tick(s)
[18:48:49] [Server thread/WARN]: Can't keep up! Did the system time change, or is the server overloaded? Running 7074780ms behind, skipping 141495 tick(s)
[18:48:54] [LanServerPinger #1/WARN]: LanServerPinger: No route to host: Datagram send failed
[19:14:05] [Server thread/INFO]: Player615 lost connection: TextComponent{text='Disconnected', siblings=[], style=Style{hasParent=false, color=null, bold=null, italic=null, underlined=null, obfuscated=null, clickEvent=null, hoverEvent=null, insertion=null}}
[19:14:05] [Server thread/INFO]: Player615 left the game
[19:14:05] [Server thread/INFO]: Stopping singleplayer server as player logged out
[19:14:05] [Server thread/INFO]: Stopping server
[19:14:05] [Server thread/INFO]: Saving players
[19:14:05] [Server thread/INFO]: Saving worlds
[19:14:05] [Server thread/INFO]: Saving chunks for level 'New World6'/Overworld
[19:14:05] [Server thread/INFO]: Saving chunks for level 'New World6'/Nether
[19:14:05] [Server thread/INFO]: Saving chunks for level 'New World6'/The End
